2020-08-18 17:11:59.314 ERROR 16008 --- [restartedMain] o.s.boot.SpringApplication               : Application run failed

java.lang.IllegalStateException: No ConfigurationProperties annotation found on  'com.factory.end.FactoryEndApplication'.
	at org.springframework.util.Assert.state(Assert.java:97)
	at org.springframework.boot.context.properties.ConfigurationPropertiesBeanRegistrar.registerBeanDefinition(ConfigurationPropertiesBeanRegistrar.java:85)
	at org.springframework.boot.context.properties.ConfigurationPropertiesBeanRegistrar.register(ConfigurationPropertiesBeanRegistrar.java:59)
	at org.springframework.boot.context.properties.ConfigurationPropertiesBeanRegistrar.register(ConfigurationPropertiesBeanRegistrar.java:53)
	at java.lang.Iterable.forEach(Iterable.java:75)
	at org.springframework.boot.context.properties.EnableConfigurationPropertiesRegistrar.registerBeanDefinitions(EnableConfigurationPropertiesRegistrar.java:40)
	at org.springframework.context.annotation.ImportBeanDefinitionRegistrar.registerBeanDefinitions(ImportBeanDefinitionRegistrar.java:86)
	at org.springframework.context.annotation.ConfigurationClassBeanDefinitionReader.lambda$loadBeanDefinitionsFromRegistrars$1(ConfigurationClassBeanDefinitionReader.java:384)
	at java.util.LinkedHashMap.forEach(LinkedHashMap.java:684)
	at org.springframework.context.annotation.ConfigurationClassBeanDefinitionReader.loadBeanDefinitionsFromRegistrars(ConfigurationClassBeanDefinitionReader.java:383)
	at org.springframework.context.annotation.ConfigurationClassBeanDefinitionReader.loadBeanDefinitionsForConfigurationClass(ConfigurationClassBeanDefinitionReader.java:148)
	at org.springframework.context.annotation.ConfigurationClassBeanDefinitionReader.loadBeanDefinitions(ConfigurationClassBeanDefinitionReader.java:120)
	at org.springframework.context.annotation.ConfigurationClassPostProcessor.processConfigBeanDefinitions(ConfigurationClassPostProcessor.java:331)
	at org.springframework.context.annotation.ConfigurationClassPostProcessor.postProcessBeanDefinitionRegistry(ConfigurationClassPostProcessor.java:236)
	at org.springframework.context.support.PostProcessorRegistrationDelegate.invokeBeanDefinitionRegistryPostProcessors(PostProcessorRegistrationDelegate.java:280)
	at org.springframework.context.support.PostProcessorRegistrationDelegate.invokeBeanFactoryPostProcessors(PostProcessorRegistrationDelegate.java:96)
	at org.springframework.context.support.AbstractApplicationContext.invokeBeanFactoryPostProcessors(AbstractApplicationContext.java:707)
	at org.springframework.context.support.AbstractApplicationContext.refresh(AbstractApplicationContext.java:533)
	at org.springframework.boot.web.servlet.context.ServletWebServerApplicationContext.refresh(ServletWebServerApplicationContext.java:143)
	at org.springframework.boot.SpringApplication.refresh(SpringApplication.java:758)
	at org.springframework.boot.SpringApplication.refresh(SpringApplication.java:750)
	at org.springframework.boot.SpringApplication.refreshContext(SpringApplication.java:397)
	at org.springframework.boot.SpringApplication.run(SpringApplication.java:315)
	at org.springframework.boot.SpringApplication.run(SpringApplication.java:1237)
	at org.springframework.boot.SpringApplication.run(SpringApplication.java:1226)
	at com.factory.end.FactoryEndApplication.main(FactoryEndApplication.java:16)
	at sun.reflect.NativeMethodAccessorImpl.invoke0(Native Method)
	at sun.reflect.NativeMethodAccessorImpl.invoke(NativeMethodAccessorImpl.java:62)
	at sun.reflect.DelegatingMethodAccessorImpl.invoke(DelegatingMethodAccessorImpl.java:43)
	at java.lang.reflect.Method.invoke(Method.java:498)
	at org.springframework.boot.devtools.restart.RestartLauncher.run(RestartLauncher.java:49)

2020-08-18 17:16:23.661 ERROR 5340 --- [restartedMain] o.a.catalina.core.AprLifecycleListener   : An incompatible version [1.1.33] of the Apache Tomcat Native library is installed, while Tomcat requires version [1.2.14]
2020-08-18 17:16:23.824 ERROR 5340 --- [restartedMain] o.a.catalina.core.AprLifecycleListener   : An incompatible version [1.1.33] of the Apache Tomcat Native library is installed, while Tomcat requires version [1.2.14]
2020-08-18 17:16:23.953 ERROR 5340 --- [restartedMain] o.a.catalina.core.AprLifecycleListener   : An incompatible version [1.1.33] of the Apache Tomcat Native library is installed, while Tomcat requires version [1.2.14]
2020-08-18 17:16:31.672 ERROR 5340 --- [restartedMain] o.s.boot.SpringApplication               : Application run failed

org.springframework.beans.factory.BeanCreationException: Error creating bean with name 'exchange_topics_inform' defined in class path resource [com/factory/end/config/RabbitmqConfig.class]: Bean instantiation via factory method failed; nested exception is org.springframework.beans.BeanInstantiationException: Failed to instantiate [com.rabbitmq.client.AMQP$Exchange]: Factory method 'EXCHANGE_TOPICS_INFORM' threw exception; nested exception is java.lang.ClassCastException: org.springframework.amqp.core.TopicExchange cannot be cast to com.rabbitmq.client.AMQP$Exchange
	at org.springframework.beans.factory.support.ConstructorResolver.instantiate(ConstructorResolver.java:655)
	at org.springframework.beans.factory.support.ConstructorResolver.instantiateUsingFactoryMethod(ConstructorResolver.java:483)
	at org.springframework.beans.factory.support.AbstractAutowireCapableBeanFactory.instantiateUsingFactoryMethod(AbstractAutowireCapableBeanFactory.java:1336)
	at org.springframework.beans.factory.support.AbstractAutowireCapableBeanFactory.createBeanInstance(AbstractAutowireCapableBeanFactory.java:1176)
	at org.springframework.beans.factory.support.AbstractAutowireCapableBeanFactory.doCreateBean(AbstractAutowireCapableBeanFactory.java:556)
	at org.springframework.beans.factory.support.AbstractAutowireCapableBeanFactory.createBean(AbstractAutowireCapableBeanFactory.java:516)
	at org.springframework.beans.factory.support.AbstractBeanFactory.lambda$doGetBean$0(AbstractBeanFactory.java:324)
	at org.springframework.beans.factory.support.DefaultSingletonBeanRegistry.getSingleton(DefaultSingletonBeanRegistry.java:226)
	at org.springframework.beans.factory.support.AbstractBeanFactory.doGetBean(AbstractBeanFactory.java:322)
	at org.springframework.beans.factory.support.AbstractBeanFactory.getBean(AbstractBeanFactory.java:202)
	at org.springframework.beans.factory.support.DefaultListableBeanFactory.preInstantiateSingletons(DefaultListableBeanFactory.java:897)
	at org.springframework.context.support.AbstractApplicationContext.finishBeanFactoryInitialization(AbstractApplicationContext.java:879)
	at org.springframework.context.support.AbstractApplicationContext.refresh(AbstractApplicationContext.java:551)
	at org.springframework.boot.web.servlet.context.ServletWebServerApplicationContext.refresh(ServletWebServerApplicationContext.java:143)
	at org.springframework.boot.SpringApplication.refresh(SpringApplication.java:758)
	at org.springframework.boot.SpringApplication.refresh(SpringApplication.java:750)
	at org.springframework.boot.SpringApplication.refreshContext(SpringApplication.java:397)
	at org.springframework.boot.SpringApplication.run(SpringApplication.java:315)
	at org.springframework.boot.SpringApplication.run(SpringApplication.java:1237)
	at org.springframework.boot.SpringApplication.run(SpringApplication.java:1226)
	at com.factory.end.FactoryEndApplication.main(FactoryEndApplication.java:15)
	at sun.reflect.NativeMethodAccessorImpl.invoke0(Native Method)
	at sun.reflect.NativeMethodAccessorImpl.invoke(NativeMethodAccessorImpl.java:62)
	at sun.reflect.DelegatingMethodAccessorImpl.invoke(DelegatingMethodAccessorImpl.java:43)
	at java.lang.reflect.Method.invoke(Method.java:498)
	at org.springframework.boot.devtools.restart.RestartLauncher.run(RestartLauncher.java:49)
Caused by: org.springframework.beans.BeanInstantiationException: Failed to instantiate [com.rabbitmq.client.AMQP$Exchange]: Factory method 'EXCHANGE_TOPICS_INFORM' threw exception; nested exception is java.lang.ClassCastException: org.springframework.amqp.core.TopicExchange cannot be cast to com.rabbitmq.client.AMQP$Exchange
	at org.springframework.beans.factory.support.SimpleInstantiationStrategy.instantiate(SimpleInstantiationStrategy.java:185)
	at org.springframework.beans.factory.support.ConstructorResolver.instantiate(ConstructorResolver.java:650)
	... 25 common frames omitted
Caused by: java.lang.ClassCastException: org.springframework.amqp.core.TopicExchange cannot be cast to com.rabbitmq.client.AMQP$Exchange
	at com.factory.end.config.RabbitmqConfig.EXCHANGE_TOPICS_INFORM(RabbitmqConfig.java:29)
	at com.factory.end.config.RabbitmqConfig$$EnhancerBySpringCGLIB$$586be79a.CGLIB$EXCHANGE_TOPICS_INFORM$3(<generated>)
	at com.factory.end.config.RabbitmqConfig$$EnhancerBySpringCGLIB$$586be79a$$FastClassBySpringCGLIB$$e01cb3a.invoke(<generated>)
	at org.springframework.cglib.proxy.MethodProxy.invokeSuper(MethodProxy.java:244)
	at org.springframework.context.annotation.ConfigurationClassEnhancer$BeanMethodInterceptor.intercept(ConfigurationClassEnhancer.java:331)
	at com.factory.end.config.RabbitmqConfig$$EnhancerBySpringCGLIB$$586be79a.EXCHANGE_TOPICS_INFORM(<generated>)
	at sun.reflect.NativeMethodAccessorImpl.invoke0(Native Method)
	at sun.reflect.NativeMethodAccessorImpl.invoke(NativeMethodAccessorImpl.java:62)
	at sun.reflect.DelegatingMethodAccessorImpl.invoke(DelegatingMethodAccessorImpl.java:43)
	at java.lang.reflect.Method.invoke(Method.java:498)
	at org.springframework.beans.factory.support.SimpleInstantiationStrategy.instantiate(SimpleInstantiationStrategy.java:154)
	... 26 common frames omitted

