2020-08-21 00:44:43.657 ERROR 8908 --- [restartedMain] o.a.catalina.core.AprLifecycleListener   : An incompatible version [1.1.33] of the Apache Tomcat Native library is installed, while Tomcat requires version [1.2.14]
2020-08-21 00:44:43.857 ERROR 8908 --- [restartedMain] o.a.catalina.core.AprLifecycleListener   : An incompatible version [1.1.33] of the Apache Tomcat Native library is installed, while Tomcat requires version [1.2.14]
2020-08-21 00:44:44.118 ERROR 8908 --- [restartedMain] o.a.catalina.core.AprLifecycleListener   : An incompatible version [1.1.33] of the Apache Tomcat Native library is installed, while Tomcat requires version [1.2.14]
2020-08-21 00:44:57.226 ERROR 8908 --- [restartedMain] o.s.b.d.LoggingFailureAnalysisReporter   : 

***************************
APPLICATION FAILED TO START
***************************

Description:

Web server failed to start. Port 8080 was already in use.

Action:

Identify and stop the process that's listening on port 8080 or configure this application to listen on another port.

2020-08-21 00:45:52.724 ERROR 7824 --- [restartedMain] o.a.catalina.core.AprLifecycleListener   : An incompatible version [1.1.33] of the Apache Tomcat Native library is installed, while Tomcat requires version [1.2.14]
2020-08-21 00:45:52.945 ERROR 7824 --- [restartedMain] o.a.catalina.core.AprLifecycleListener   : An incompatible version [1.1.33] of the Apache Tomcat Native library is installed, while Tomcat requires version [1.2.14]
2020-08-21 00:45:53.674 ERROR 7824 --- [restartedMain] o.a.catalina.core.AprLifecycleListener   : An incompatible version [1.1.33] of the Apache Tomcat Native library is installed, while Tomcat requires version [1.2.14]
2020-08-21 00:51:12.982 ERROR 6212 --- [restartedMain] o.a.catalina.core.AprLifecycleListener   : An incompatible version [1.1.33] of the Apache Tomcat Native library is installed, while Tomcat requires version [1.2.14]
2020-08-21 00:51:13.188 ERROR 6212 --- [restartedMain] o.a.catalina.core.AprLifecycleListener   : An incompatible version [1.1.33] of the Apache Tomcat Native library is installed, while Tomcat requires version [1.2.14]
2020-08-21 00:51:13.371 ERROR 6212 --- [restartedMain] o.a.catalina.core.AprLifecycleListener   : An incompatible version [1.1.33] of the Apache Tomcat Native library is installed, while Tomcat requires version [1.2.14]
2020-08-21 00:51:30.858 ERROR 6212 --- [scheduling-1] c.f.end.util.websocket.WebSocketServer   : 用户10,不在线！
2020-08-21 00:51:40.445 ERROR 6212 --- [scheduling-1] c.f.end.util.websocket.WebSocketServer   : 用户10,不在线！
2020-08-21 00:51:50.006 ERROR 6212 --- [scheduling-1] c.f.end.util.websocket.WebSocketServer   : 用户10,不在线！
2020-08-21 00:52:00.024 ERROR 6212 --- [scheduling-1] c.f.end.util.websocket.WebSocketServer   : 用户10,不在线！
2020-08-21 00:52:10.013 ERROR 6212 --- [scheduling-1] c.f.end.util.websocket.WebSocketServer   : 用户10,不在线！
2020-08-21 00:52:20.006 ERROR 6212 --- [scheduling-1] c.f.end.util.websocket.WebSocketServer   : 用户10,不在线！
2020-08-21 00:52:30.009 ERROR 6212 --- [scheduling-1] c.f.end.util.websocket.WebSocketServer   : 用户10,不在线！
2020-08-21 00:54:00.012 ERROR 6212 --- [scheduling-1] c.f.end.util.websocket.WebSocketServer   : 用户10,不在线！
2020-08-21 00:59:13.816 ERROR 17524 --- [restartedMain] o.a.catalina.core.AprLifecycleListener   : An incompatible version [1.1.33] of the Apache Tomcat Native library is installed, while Tomcat requires version [1.2.14]
2020-08-21 00:59:14.038 ERROR 17524 --- [restartedMain] o.a.catalina.core.AprLifecycleListener   : An incompatible version [1.1.33] of the Apache Tomcat Native library is installed, while Tomcat requires version [1.2.14]
2020-08-21 00:59:14.406 ERROR 17524 --- [restartedMain] o.a.catalina.core.AprLifecycleListener   : An incompatible version [1.1.33] of the Apache Tomcat Native library is installed, while Tomcat requires version [1.2.14]
2020-08-21 00:59:30.908 ERROR 17524 --- [scheduling-1] c.f.end.util.websocket.WebSocketServer   : 用户10,不在线！
2020-08-21 09:07:41.724 ERROR 16128 --- [restartedMain] o.a.catalina.core.AprLifecycleListener   : An incompatible version [1.1.33] of the Apache Tomcat Native library is installed, while Tomcat requires version [1.2.14]
2020-08-21 09:07:42.283 ERROR 16128 --- [restartedMain] o.a.catalina.core.AprLifecycleListener   : An incompatible version [1.1.33] of the Apache Tomcat Native library is installed, while Tomcat requires version [1.2.14]
2020-08-21 09:07:42.829 ERROR 16128 --- [restartedMain] o.a.catalina.core.AprLifecycleListener   : An incompatible version [1.1.33] of the Apache Tomcat Native library is installed, while Tomcat requires version [1.2.14]
2020-08-21 09:08:11.578 ERROR 16128 --- [scheduling-1] c.f.end.util.websocket.WebSocketServer   : 用户10,不在线！
2020-08-21 09:08:20.006 ERROR 16128 --- [scheduling-1] c.f.end.util.websocket.WebSocketServer   : 用户10,不在线！
2020-08-21 09:08:30.004 ERROR 16128 --- [scheduling-1] c.f.end.util.websocket.WebSocketServer   : 用户10,不在线！
2020-08-21 09:08:40.005 ERROR 16128 --- [scheduling-1] c.f.end.util.websocket.WebSocketServer   : 用户10,不在线！
2020-08-21 09:08:50.006 ERROR 16128 --- [scheduling-1] c.f.end.util.websocket.WebSocketServer   : 用户10,不在线！
2020-08-21 09:09:00.006 ERROR 16128 --- [scheduling-1] c.f.end.util.websocket.WebSocketServer   : 用户10,不在线！
2020-08-21 09:09:10.005 ERROR 16128 --- [scheduling-1] c.f.end.util.websocket.WebSocketServer   : 用户10,不在线！
2020-08-21 09:09:20.005 ERROR 16128 --- [scheduling-1] c.f.end.util.websocket.WebSocketServer   : 用户10,不在线！
2020-08-21 09:09:30.006 ERROR 16128 --- [scheduling-1] c.f.end.util.websocket.WebSocketServer   : 用户10,不在线！
2020-08-21 09:09:40.005 ERROR 16128 --- [scheduling-1] c.f.end.util.websocket.WebSocketServer   : 用户10,不在线！
2020-08-21 09:09:50.006 ERROR 16128 --- [scheduling-1] c.f.end.util.websocket.WebSocketServer   : 用户10,不在线！
2020-08-21 09:10:00.007 ERROR 16128 --- [scheduling-1] c.f.end.util.websocket.WebSocketServer   : 用户10,不在线！
2020-08-21 09:10:10.007 ERROR 16128 --- [scheduling-1] c.f.end.util.websocket.WebSocketServer   : 用户10,不在线！
2020-08-21 09:10:20.005 ERROR 16128 --- [scheduling-1] c.f.end.util.websocket.WebSocketServer   : 用户10,不在线！
2020-08-21 09:10:30.005 ERROR 16128 --- [scheduling-1] c.f.end.util.websocket.WebSocketServer   : 用户10,不在线！
2020-08-21 09:10:40.008 ERROR 16128 --- [scheduling-1] c.f.end.util.websocket.WebSocketServer   : 用户10,不在线！
2020-08-21 09:10:50.004 ERROR 16128 --- [scheduling-1] c.f.end.util.websocket.WebSocketServer   : 用户10,不在线！
2020-08-21 09:11:00.006 ERROR 16128 --- [scheduling-1] c.f.end.util.websocket.WebSocketServer   : 用户10,不在线！
2020-08-21 09:11:10.003 ERROR 16128 --- [scheduling-1] c.f.end.util.websocket.WebSocketServer   : 用户10,不在线！
2020-08-21 09:11:20.007 ERROR 16128 --- [scheduling-1] c.f.end.util.websocket.WebSocketServer   : 用户10,不在线！
2020-08-21 09:11:30.004 ERROR 16128 --- [scheduling-1] c.f.end.util.websocket.WebSocketServer   : 用户10,不在线！
2020-08-21 09:11:40.007 ERROR 16128 --- [scheduling-1] c.f.end.util.websocket.WebSocketServer   : 用户10,不在线！
2020-08-21 09:11:50.004 ERROR 16128 --- [scheduling-1] c.f.end.util.websocket.WebSocketServer   : 用户10,不在线！
2020-08-21 09:12:00.008 ERROR 16128 --- [scheduling-1] c.f.end.util.websocket.WebSocketServer   : 用户10,不在线！
2020-08-21 09:12:10.005 ERROR 16128 --- [scheduling-1] c.f.end.util.websocket.WebSocketServer   : 用户10,不在线！
2020-08-21 09:12:20.006 ERROR 16128 --- [scheduling-1] c.f.end.util.websocket.WebSocketServer   : 用户10,不在线！
2020-08-21 09:12:30.005 ERROR 16128 --- [scheduling-1] c.f.end.util.websocket.WebSocketServer   : 用户10,不在线！
2020-08-21 09:12:40.004 ERROR 16128 --- [scheduling-1] c.f.end.util.websocket.WebSocketServer   : 用户10,不在线！
2020-08-21 09:12:50.006 ERROR 16128 --- [scheduling-1] c.f.end.util.websocket.WebSocketServer   : 用户10,不在线！
2020-08-21 09:14:06.321 ERROR 17432 --- [restartedMain] o.a.catalina.core.AprLifecycleListener   : An incompatible version [1.1.33] of the Apache Tomcat Native library is installed, while Tomcat requires version [1.2.14]
2020-08-21 09:14:06.553 ERROR 17432 --- [restartedMain] o.a.catalina.core.AprLifecycleListener   : An incompatible version [1.1.33] of the Apache Tomcat Native library is installed, while Tomcat requires version [1.2.14]
2020-08-21 09:14:06.841 ERROR 17432 --- [restartedMain] o.a.catalina.core.AprLifecycleListener   : An incompatible version [1.1.33] of the Apache Tomcat Native library is installed, while Tomcat requires version [1.2.14]
2020-08-21 09:14:19.325 ERROR 17432 --- [restartedMain] o.s.boot.SpringApplication               : Application run failed

org.springframework.beans.factory.BeanCreationException: Error creating bean with name 'distributedRedisLock' defined in file [G:\idea_workspace\factory-end\target\classes\com\factory\end\util\redis\DistributedRedisLock.class]: Instantiation of bean failed; nested exception is org.springframework.beans.BeanInstantiationException: Failed to instantiate [com.factory.end.util.redis.DistributedRedisLock]: Constructor threw exception; nested exception is org.redisson.client.RedisConnectionException: Unable to init enough connections amount! Only 30 from 32 were initialized. Redis server: 106.53.220.55/106.53.220.55:6379
	at org.springframework.beans.factory.support.AbstractAutowireCapableBeanFactory.instantiateBean(AbstractAutowireCapableBeanFactory.java:1318)
	at org.springframework.beans.factory.support.AbstractAutowireCapableBeanFactory.createBeanInstance(AbstractAutowireCapableBeanFactory.java:1213)
	at org.springframework.beans.factory.support.AbstractAutowireCapableBeanFactory.doCreateBean(AbstractAutowireCapableBeanFactory.java:556)
	at org.springframework.beans.factory.support.AbstractAutowireCapableBeanFactory.createBean(AbstractAutowireCapableBeanFactory.java:516)
	at org.springframework.beans.factory.support.AbstractBeanFactory.lambda$doGetBean$0(AbstractBeanFactory.java:324)
	at org.springframework.beans.factory.support.DefaultSingletonBeanRegistry.getSingleton(DefaultSingletonBeanRegistry.java:226)
	at org.springframework.beans.factory.support.AbstractBeanFactory.doGetBean(AbstractBeanFactory.java:322)
	at org.springframework.beans.factory.support.AbstractBeanFactory.getBean(AbstractBeanFactory.java:202)
	at org.springframework.beans.factory.support.DefaultListableBeanFactory.preInstantiateSingletons(DefaultListableBeanFactory.java:897)
	at org.springframework.context.support.AbstractApplicationContext.finishBeanFactoryInitialization(AbstractApplicationContext.java:879)
	at org.springframework.context.support.AbstractApplicationContext.refresh(AbstractApplicationContext.java:551)
	at org.springframework.boot.web.servlet.context.ServletWebServerApplicationContext.refresh(ServletWebServerApplicationContext.java:143)
	at org.springframework.boot.SpringApplication.refresh(SpringApplication.java:758)
	at org.springframework.boot.SpringApplication.refresh(SpringApplication.java:750)
	at org.springframework.boot.SpringApplication.refreshContext(SpringApplication.java:397)
	at org.springframework.boot.SpringApplication.run(SpringApplication.java:315)
	at org.springframework.boot.SpringApplication.run(SpringApplication.java:1237)
	at org.springframework.boot.SpringApplication.run(SpringApplication.java:1226)
	at com.factory.end.FactoryEndApplication.main(FactoryEndApplication.java:13)
	at sun.reflect.NativeMethodAccessorImpl.invoke0(Native Method)
	at sun.reflect.NativeMethodAccessorImpl.invoke(NativeMethodAccessorImpl.java:62)
	at sun.reflect.DelegatingMethodAccessorImpl.invoke(DelegatingMethodAccessorImpl.java:43)
	at java.lang.reflect.Method.invoke(Method.java:498)
	at org.springframework.boot.devtools.restart.RestartLauncher.run(RestartLauncher.java:49)
Caused by: org.springframework.beans.BeanInstantiationException: Failed to instantiate [com.factory.end.util.redis.DistributedRedisLock]: Constructor threw exception; nested exception is org.redisson.client.RedisConnectionException: Unable to init enough connections amount! Only 30 from 32 were initialized. Redis server: 106.53.220.55/106.53.220.55:6379
	at org.springframework.beans.BeanUtils.instantiateClass(BeanUtils.java:217)
	at org.springframework.beans.factory.support.SimpleInstantiationStrategy.instantiate(SimpleInstantiationStrategy.java:87)
	at org.springframework.beans.factory.support.AbstractAutowireCapableBeanFactory.instantiateBean(AbstractAutowireCapableBeanFactory.java:1310)
	... 23 common frames omitted
Caused by: org.redisson.client.RedisConnectionException: Unable to init enough connections amount! Only 30 from 32 were initialized. Redis server: 106.53.220.55/106.53.220.55:6379
	at org.redisson.connection.pool.ConnectionPool$2$1.operationComplete(ConnectionPool.java:160)
	at io.netty.util.concurrent.DefaultPromise.notifyListener0(DefaultPromise.java:577)
	at io.netty.util.concurrent.DefaultPromise.notifyListenersNow(DefaultPromise.java:551)
	at io.netty.util.concurrent.DefaultPromise.notifyListeners(DefaultPromise.java:490)
	at io.netty.util.concurrent.DefaultPromise.setValue0(DefaultPromise.java:615)
	at io.netty.util.concurrent.DefaultPromise.setFailure0(DefaultPromise.java:608)
	at io.netty.util.concurrent.DefaultPromise.tryFailure(DefaultPromise.java:117)
	at org.redisson.misc.RedissonPromise.tryFailure(RedissonPromise.java:108)
	at org.redisson.connection.pool.ConnectionPool.promiseFailure(ConnectionPool.java:327)
	at org.redisson.connection.pool.ConnectionPool.access$400(ConnectionPool.java:53)
	at org.redisson.connection.pool.ConnectionPool$4.operationComplete(ConnectionPool.java:291)
	at io.netty.util.concurrent.DefaultPromise.notifyListener0(DefaultPromise.java:577)
	at io.netty.util.concurrent.DefaultPromise.notifyListeners0(DefaultPromise.java:570)
	at io.netty.util.concurrent.DefaultPromise.notifyListenersNow(DefaultPromise.java:549)
	at io.netty.util.concurrent.DefaultPromise.notifyListeners(DefaultPromise.java:490)
	at io.netty.util.concurrent.DefaultPromise.setValue0(DefaultPromise.java:615)
	at io.netty.util.concurrent.DefaultPromise.setFailure0(DefaultPromise.java:608)
	at io.netty.util.concurrent.DefaultPromise.tryFailure(DefaultPromise.java:117)
	at org.redisson.misc.RedissonPromise.tryFailure(RedissonPromise.java:108)
	at org.redisson.client.RedisClient$2$1$1$1.run(RedisClient.java:240)
	at io.netty.util.concurrent.AbstractEventExecutor.safeExecute(AbstractEventExecutor.java:164)
	at io.netty.util.concurrent.SingleThreadEventExecutor.runAllTasks(SingleThreadEventExecutor.java:472)
	at io.netty.channel.nio.NioEventLoop.run(NioEventLoop.java:500)
	at io.netty.util.concurrent.SingleThreadEventExecutor$4.run(SingleThreadEventExecutor.java:989)
	at io.netty.util.internal.ThreadExecutorMap$2.run(ThreadExecutorMap.java:74)
	at io.netty.util.concurrent.FastThreadLocalRunnable.run(FastThreadLocalRunnable.java:30)
	at java.lang.Thread.run(Thread.java:748)
Caused by: org.redisson.client.RedisTimeoutException: Command execution timeout for command: (AUTH), command params: [123456], Redis client: [addr=redis://106.53.220.55:6379]
	at org.redisson.client.RedisConnection$2.run(RedisConnection.java:214)
	at io.netty.util.concurrent.PromiseTask.runTask(PromiseTask.java:98)
	at io.netty.util.concurrent.ScheduledFutureTask.run(ScheduledFutureTask.java:170)
	... 7 common frames omitted

2020-08-21 09:15:45.032 ERROR 8428 --- [restartedMain] o.a.catalina.core.AprLifecycleListener   : An incompatible version [1.1.33] of the Apache Tomcat Native library is installed, while Tomcat requires version [1.2.14]
2020-08-21 09:15:45.183 ERROR 8428 --- [restartedMain] o.a.catalina.core.AprLifecycleListener   : An incompatible version [1.1.33] of the Apache Tomcat Native library is installed, while Tomcat requires version [1.2.14]
2020-08-21 09:15:45.350 ERROR 8428 --- [restartedMain] o.a.catalina.core.AprLifecycleListener   : An incompatible version [1.1.33] of the Apache Tomcat Native library is installed, while Tomcat requires version [1.2.14]
2020-08-21 09:15:57.476 ERROR 8428 --- [scheduling-1] c.f.end.util.websocket.WebSocketServer   : 用户10,不在线！
2020-08-21 09:16:00.008 ERROR 8428 --- [scheduling-1] c.f.end.util.websocket.WebSocketServer   : 用户10,不在线！
2020-08-21 09:16:03.005 ERROR 8428 --- [scheduling-1] c.f.end.util.websocket.WebSocketServer   : 用户10,不在线！
2020-08-21 09:21:18.005 ERROR 8428 --- [scheduling-1] c.f.end.util.websocket.WebSocketServer   : 用户10,不在线！
2020-08-21 09:21:21.006 ERROR 8428 --- [scheduling-1] c.f.end.util.websocket.WebSocketServer   : 用户10,不在线！
2020-08-21 09:21:46.943 ERROR 20112 --- [restartedMain] o.a.catalina.core.AprLifecycleListener   : An incompatible version [1.1.33] of the Apache Tomcat Native library is installed, while Tomcat requires version [1.2.14]
2020-08-21 09:21:47.102 ERROR 20112 --- [restartedMain] o.a.catalina.core.AprLifecycleListener   : An incompatible version [1.1.33] of the Apache Tomcat Native library is installed, while Tomcat requires version [1.2.14]
2020-08-21 09:21:47.332 ERROR 20112 --- [restartedMain] o.a.catalina.core.AprLifecycleListener   : An incompatible version [1.1.33] of the Apache Tomcat Native library is installed, while Tomcat requires version [1.2.14]
2020-08-21 09:21:59.429 ERROR 20112 --- [restartedMain] o.s.boot.SpringApplication               : Application run failed

org.springframework.beans.factory.BeanCreationException: Error creating bean with name 'distributedRedisLock' defined in file [G:\idea_workspace\factory-end\target\classes\com\factory\end\util\redis\DistributedRedisLock.class]: Instantiation of bean failed; nested exception is org.springframework.beans.BeanInstantiationException: Failed to instantiate [com.factory.end.util.redis.DistributedRedisLock]: Constructor threw exception; nested exception is org.redisson.client.RedisConnectionException: Unable to init enough connections amount! Only 24 from 32 were initialized. Redis server: 106.53.220.55/106.53.220.55:6379
	at org.springframework.beans.factory.support.AbstractAutowireCapableBeanFactory.instantiateBean(AbstractAutowireCapableBeanFactory.java:1318)
	at org.springframework.beans.factory.support.AbstractAutowireCapableBeanFactory.createBeanInstance(AbstractAutowireCapableBeanFactory.java:1213)
	at org.springframework.beans.factory.support.AbstractAutowireCapableBeanFactory.doCreateBean(AbstractAutowireCapableBeanFactory.java:556)
	at org.springframework.beans.factory.support.AbstractAutowireCapableBeanFactory.createBean(AbstractAutowireCapableBeanFactory.java:516)
	at org.springframework.beans.factory.support.AbstractBeanFactory.lambda$doGetBean$0(AbstractBeanFactory.java:324)
	at org.springframework.beans.factory.support.DefaultSingletonBeanRegistry.getSingleton(DefaultSingletonBeanRegistry.java:226)
	at org.springframework.beans.factory.support.AbstractBeanFactory.doGetBean(AbstractBeanFactory.java:322)
	at org.springframework.beans.factory.support.AbstractBeanFactory.getBean(AbstractBeanFactory.java:202)
	at org.springframework.beans.factory.support.DefaultListableBeanFactory.preInstantiateSingletons(DefaultListableBeanFactory.java:897)
	at org.springframework.context.support.AbstractApplicationContext.finishBeanFactoryInitialization(AbstractApplicationContext.java:879)
	at org.springframework.context.support.AbstractApplicationContext.refresh(AbstractApplicationContext.java:551)
	at org.springframework.boot.web.servlet.context.ServletWebServerApplicationContext.refresh(ServletWebServerApplicationContext.java:143)
	at org.springframework.boot.SpringApplication.refresh(SpringApplication.java:758)
	at org.springframework.boot.SpringApplication.refresh(SpringApplication.java:750)
	at org.springframework.boot.SpringApplication.refreshContext(SpringApplication.java:397)
	at org.springframework.boot.SpringApplication.run(SpringApplication.java:315)
	at org.springframework.boot.SpringApplication.run(SpringApplication.java:1237)
	at org.springframework.boot.SpringApplication.run(SpringApplication.java:1226)
	at com.factory.end.FactoryEndApplication.main(FactoryEndApplication.java:13)
	at sun.reflect.NativeMethodAccessorImpl.invoke0(Native Method)
	at sun.reflect.NativeMethodAccessorImpl.invoke(NativeMethodAccessorImpl.java:62)
	at sun.reflect.DelegatingMethodAccessorImpl.invoke(DelegatingMethodAccessorImpl.java:43)
	at java.lang.reflect.Method.invoke(Method.java:498)
	at org.springframework.boot.devtools.restart.RestartLauncher.run(RestartLauncher.java:49)
Caused by: org.springframework.beans.BeanInstantiationException: Failed to instantiate [com.factory.end.util.redis.DistributedRedisLock]: Constructor threw exception; nested exception is org.redisson.client.RedisConnectionException: Unable to init enough connections amount! Only 24 from 32 were initialized. Redis server: 106.53.220.55/106.53.220.55:6379
	at org.springframework.beans.BeanUtils.instantiateClass(BeanUtils.java:217)
	at org.springframework.beans.factory.support.SimpleInstantiationStrategy.instantiate(SimpleInstantiationStrategy.java:87)
	at org.springframework.beans.factory.support.AbstractAutowireCapableBeanFactory.instantiateBean(AbstractAutowireCapableBeanFactory.java:1310)
	... 23 common frames omitted
Caused by: org.redisson.client.RedisConnectionException: Unable to init enough connections amount! Only 24 from 32 were initialized. Redis server: 106.53.220.55/106.53.220.55:6379
	at org.redisson.connection.pool.ConnectionPool$2$1.operationComplete(ConnectionPool.java:160)
	at io.netty.util.concurrent.DefaultPromise.notifyListener0(DefaultPromise.java:577)
	at io.netty.util.concurrent.DefaultPromise.notifyListenersNow(DefaultPromise.java:551)
	at io.netty.util.concurrent.DefaultPromise.notifyListeners(DefaultPromise.java:490)
	at io.netty.util.concurrent.DefaultPromise.setValue0(DefaultPromise.java:615)
	at io.netty.util.concurrent.DefaultPromise.setFailure0(DefaultPromise.java:608)
	at io.netty.util.concurrent.DefaultPromise.tryFailure(DefaultPromise.java:117)
	at org.redisson.misc.RedissonPromise.tryFailure(RedissonPromise.java:108)
	at org.redisson.connection.pool.ConnectionPool.promiseFailure(ConnectionPool.java:327)
	at org.redisson.connection.pool.ConnectionPool.access$400(ConnectionPool.java:53)
	at org.redisson.connection.pool.ConnectionPool$4.operationComplete(ConnectionPool.java:291)
	at io.netty.util.concurrent.DefaultPromise.notifyListener0(DefaultPromise.java:577)
	at io.netty.util.concurrent.DefaultPromise.notifyListeners0(DefaultPromise.java:570)
	at io.netty.util.concurrent.DefaultPromise.notifyListenersNow(DefaultPromise.java:549)
	at io.netty.util.concurrent.DefaultPromise.notifyListeners(DefaultPromise.java:490)
	at io.netty.util.concurrent.DefaultPromise.setValue0(DefaultPromise.java:615)
	at io.netty.util.concurrent.DefaultPromise.setFailure0(DefaultPromise.java:608)
	at io.netty.util.concurrent.DefaultPromise.tryFailure(DefaultPromise.java:117)
	at org.redisson.misc.RedissonPromise.tryFailure(RedissonPromise.java:108)
	at org.redisson.client.RedisClient$2$1$1$1.run(RedisClient.java:240)
	at io.netty.util.concurrent.AbstractEventExecutor.safeExecute(AbstractEventExecutor.java:164)
	at io.netty.util.concurrent.SingleThreadEventExecutor.runAllTasks(SingleThreadEventExecutor.java:472)
	at io.netty.channel.nio.NioEventLoop.run(NioEventLoop.java:500)
	at io.netty.util.concurrent.SingleThreadEventExecutor$4.run(SingleThreadEventExecutor.java:989)
	at io.netty.util.internal.ThreadExecutorMap$2.run(ThreadExecutorMap.java:74)
	at io.netty.util.concurrent.FastThreadLocalRunnable.run(FastThreadLocalRunnable.java:30)
	at java.lang.Thread.run(Thread.java:748)
Caused by: org.redisson.client.RedisTimeoutException: Command execution timeout for command: (AUTH), command params: [123456], Redis client: [addr=redis://106.53.220.55:6379]
	at org.redisson.client.RedisConnection$2.run(RedisConnection.java:214)
	at io.netty.util.concurrent.PromiseTask.runTask(PromiseTask.java:98)
	at io.netty.util.concurrent.ScheduledFutureTask.run(ScheduledFutureTask.java:170)
	... 7 common frames omitted

2020-08-21 09:22:24.874 ERROR 20292 --- [restartedMain] o.a.catalina.core.AprLifecycleListener   : An incompatible version [1.1.33] of the Apache Tomcat Native library is installed, while Tomcat requires version [1.2.14]
2020-08-21 09:22:25.038 ERROR 20292 --- [restartedMain] o.a.catalina.core.AprLifecycleListener   : An incompatible version [1.1.33] of the Apache Tomcat Native library is installed, while Tomcat requires version [1.2.14]
2020-08-21 09:22:25.216 ERROR 20292 --- [restartedMain] o.a.catalina.core.AprLifecycleListener   : An incompatible version [1.1.33] of the Apache Tomcat Native library is installed, while Tomcat requires version [1.2.14]
2020-08-21 09:22:42.414 ERROR 20292 --- [scheduling-1] c.f.end.util.websocket.WebSocketServer   : 用户10,不在线！
2020-08-21 09:22:44.011 ERROR 20292 --- [scheduling-1] c.f.end.util.websocket.WebSocketServer   : 用户10,不在线！
2020-08-21 09:22:46.008 ERROR 20292 --- [scheduling-1] c.f.end.util.websocket.WebSocketServer   : 用户10,不在线！
2020-08-21 09:22:48.012 ERROR 20292 --- [scheduling-1] c.f.end.util.websocket.WebSocketServer   : 用户10,不在线！
2020-08-21 09:22:50.012 ERROR 20292 --- [scheduling-1] c.f.end.util.websocket.WebSocketServer   : 用户10,不在线！
2020-08-21 09:22:52.007 ERROR 20292 --- [scheduling-1] c.f.end.util.websocket.WebSocketServer   : 用户10,不在线！
2020-08-21 09:22:54.007 ERROR 20292 --- [scheduling-1] c.f.end.util.websocket.WebSocketServer   : 用户10,不在线！
2020-08-21 09:22:56.007 ERROR 20292 --- [scheduling-1] c.f.end.util.websocket.WebSocketServer   : 用户10,不在线！
2020-08-21 09:22:58.007 ERROR 20292 --- [scheduling-1] c.f.end.util.websocket.WebSocketServer   : 用户10,不在线！
2020-08-21 09:23:00.011 ERROR 20292 --- [scheduling-1] c.f.end.util.websocket.WebSocketServer   : 用户10,不在线！
2020-08-21 09:23:02.007 ERROR 20292 --- [scheduling-1] c.f.end.util.websocket.WebSocketServer   : 用户10,不在线！
2020-08-21 09:23:04.009 ERROR 20292 --- [scheduling-1] c.f.end.util.websocket.WebSocketServer   : 用户10,不在线！
